# JRE version: OpenJDK Runtime Environment Temurin-21.0.10+7 (21.0.10+7) (build 21.0.10+7-LTS)
# Java VM: OpenJDK 64-Bit Server VM Temurin-21.0.10+7 (21.0.10+7-LTS, mixed mode, sharing, tiered, compressed oops, compressed class ptrs, parallel gc, windows-amd64)
GC Precious Log:
 CardTable entry size: 512
 CPUs: 16 total, 16 available
 Memory: 16332M
 Large Page Support: Disabled
 NUMA Support: Disabled
 Compressed Oops: Enabled (32-bit)
 Alignments: Space 512K, Generation 512K, Heap 2M
 Heap Min Capacity: 100M
 Heap Initial Capacity: 100M
 Heap Max Capacity: 2G
 Pre-touch: Disabled
 Parallel Workers: 13
Heap:
 PSYoungGen      total 19456K, used 6828K [0x00000000d5580000, 0x00000000d6b00000, 0x0000000100000000)
  eden space 18432K, 32% used [0x00000000d5580000,0x00000000d5b6f398,0x00000000d6780000)
  from space 1024K, 73% used [0x00000000d6800000,0x00000000d68bc050,0x00000000d6900000)
  to   space 1536K, 0% used [0x00000000d6980000,0x00000000d6980000,0x00000000d6b00000)
 ParOldGen       total 68608K, used 56989K [0x0000000080000000, 0x0000000084300000, 0x00000000d5580000)
  object space 68608K, 83% used [0x0000000080000000,0x00000000837a74c0,0x0000000084300000)
 Metaspace       used 61759K, committed 63104K, reserved 1114112K
  class space    used 7149K, committed 7744K, reserved 1048576K
GC Heap History (20 events):
Event: 85.617 GC heap before
{Heap before GC invocations=35 (full 3):
 PSYoungGen      total 18944K, used 416K [0x00000000d5580000, 0x00000000d6f00000, 0x0000000100000000)
  eden space 18432K, 0% used [0x00000000d5580000,0x00000000d5580000,0x00000000d6780000)
  from space 512K, 81% used [0x00000000d6e80000,0x00000000d6ee8000,0x00000000d6f00000)
  to   space 512K, 0% used [0x00000000d6e00000,0x00000000d6e00000,0x00000000d6e80000)
 ParOldGen       total 68608K, used 47616K [0x0000000080000000, 0x0000000084300000, 0x00000000d5580000)
  object space 68608K, 69% used [0x0000000080000000,0x0000000082e80320,0x0000000084300000)
 Metaspace       used 58467K, committed 59776K, reserved 1114112K
  class space    used 6854K, committed 7488K, reserved 1048576K
}
Event: 85.664 GC heap after
{Heap after GC invocations=35 (full 3):
 PSYoungGen      total 18944K, used 0K [0x00000000d5580000, 0x00000000d6f00000, 0x0000000100000000)
  eden space 18432K, 0% used [0x00000000d5580000,0x00000000d5580000,0x00000000d6780000)
  from space 512K, 0% used [0x00000000d6e80000,0x00000000d6e80000,0x00000000d6f00000)
  to   space 512K, 0% used [0x00000000d6e00000,0x00000000d6e00000,0x00000000d6e80000)
 ParOldGen       total 68608K, used 42975K [0x0000000080000000, 0x0000000084300000, 0x00000000d5580000)
  object space 68608K, 62% used [0x0000000080000000,0x00000000829f7db8,0x0000000084300000)
 Metaspace       used 58467K, committed 59776K, reserved 1114112K
  class space    used 6854K, committed 7488K, reserved 1048576K
}
Event: 85.919 GC heap before
{Heap before GC invocations=36 (full 3):
 PSYoungGen      total 18944K, used 18432K [0x00000000d5580000, 0x00000000d6f00000, 0x0000000100000000)
  eden space 18432K, 100% used [0x00000000d5580000,0x00000000d6780000,0x00000000d6780000)
  from space 512K, 0% used [0x00000000d6e80000,0x00000000d6e80000,0x00000000d6f00000)
  to   space 512K, 0% used [0x00000000d6e00000,0x00000000d6e00000,0x00000000d6e80000)
 ParOldGen       total 68608K, used 42975K [0x0000000080000000, 0x0000000084300000, 0x00000000d5580000)
  object space 68608K, 62% used [0x0000000080000000,0x00000000829f7db8,0x0000000084300000)
 Metaspace       used 60097K, committed 61440K, reserved 1114112K
  class space    used 7024K, committed 7616K, reserved 1048576K
}
Event: 85.920 GC heap after
{Heap after GC invocations=36 (full 3):
 PSYoungGen      total 18944K, used 504K [0x00000000d5580000, 0x00000000d6f00000, 0x0000000100000000)
  eden space 18432K, 0% used [0x00000000d5580000,0x00000000d5580000,0x00000000d6780000)
  from space 512K, 98% used [0x00000000d6e00000,0x00000000d6e7e1a8,0x00000000d6e80000)
  to   space 512K, 0% used [0x00000000d6e80000,0x00000000d6e80000,0x00000000d6f00000)
 ParOldGen       total 68608K, used 43471K [0x0000000080000000, 0x0000000084300000, 0x00000000d5580000)
  object space 68608K, 63% used [0x0000000080000000,0x0000000082a73dc8,0x0000000084300000)
 Metaspace       used 60097K, committed 61440K, reserved 1114112K
  class space    used 7024K, committed 7616K, reserved 1048576K
}
Event: 86.070 GC heap before
{Heap before GC invocations=37 (full 3):
 PSYoungGen      total 18944K, used 18936K [0x00000000d5580000, 0x00000000d6f00000, 0x0000000100000000)
  eden space 18432K, 100% used [0x00000000d5580000,0x00000000d6780000,0x00000000d6780000)
  from space 512K, 98% used [0x00000000d6e00000,0x00000000d6e7e1a8,0x00000000d6e80000)
  to   space 512K, 0% used [0x00000000d6e80000,0x00000000d6e80000,0x00000000d6f00000)
 ParOldGen       total 68608K, used 43471K [0x0000000080000000, 0x0000000084300000, 0x00000000d5580000)
  object space 68608K, 63% used [0x0000000080000000,0x0000000082a73dc8,0x0000000084300000)
 Metaspace       used 60348K, committed 61760K, reserved 1114112K
  class space    used 7035K, committed 7680K, reserved 1048576K
}
Event: 86.071 GC heap after
{Heap after GC invocations=37 (full 3):
 PSYoungGen      total 18944K, used 480K [0x00000000d5580000, 0x00000000d6f00000, 0x0000000100000000)
  eden space 18432K, 0% used [0x00000000d5580000,0x00000000d5580000,0x00000000d6780000)
  from space 512K, 93% used [0x00000000d6e80000,0x00000000d6ef8030,0x00000000d6f00000)
  to   space 3072K, 0% used [0x00000000d6900000,0x00000000d6900000,0x00000000d6c00000)
 ParOldGen       total 68608K, used 45389K [0x0000000080000000, 0x0000000084300000, 0x00000000d5580000)
  object space 68608K, 66% used [0x0000000080000000,0x0000000082c534d0,0x0000000084300000)
 Metaspace       used 60348K, committed 61760K, reserved 1114112K
  class space    used 7035K, committed 7680K, reserved 1048576K
}
Event: 86.176 GC heap before
{Heap before GC invocations=38 (full 3):
 PSYoungGen      total 18944K, used 18912K [0x00000000d5580000, 0x00000000d6f00000, 0x0000000100000000)
  eden space 18432K, 100% used [0x00000000d5580000,0x00000000d6780000,0x00000000d6780000)
  from space 512K, 93% used [0x00000000d6e80000,0x00000000d6ef8030,0x00000000d6f00000)
  to   space 3072K, 0% used [0x00000000d6900000,0x00000000d6900000,0x00000000d6c00000)
 ParOldGen       total 68608K, used 45389K [0x0000000080000000, 0x0000000084300000, 0x00000000d5580000)
  object space 68608K, 66% used [0x0000000080000000,0x0000000082c534d0,0x0000000084300000)
 Metaspace       used 60758K, committed 62208K, reserved 1114112K
  class space    used 7095K, committed 7744K, reserved 1048576K
}
Event: 86.179 GC heap after
{Heap after GC invocations=38 (full 3):
 PSYoungGen      total 21504K, used 2161K [0x00000000d5580000, 0x00000000d6f00000, 0x0000000100000000)
  eden space 18432K, 0% used [0x00000000d5580000,0x00000000d5580000,0x00000000d6780000)
  from space 3072K, 70% used [0x00000000d6900000,0x00000000d6b1c410,0x00000000d6c00000)
  to   space 2560K, 0% used [0x00000000d6c80000,0x00000000d6c80000,0x00000000d6f00000)
 ParOldGen       total 68608K, used 45925K [0x0000000080000000, 0x0000000084300000, 0x00000000d5580000)
  object space 68608K, 66% used [0x0000000080000000,0x0000000082cd9500,0x0000000084300000)
 Metaspace       used 60758K, committed 62208K, reserved 1114112K
  class space    used 7095K, committed 7744K, reserved 1048576K
}
Event: 86.265 GC heap before
{Heap before GC invocations=39 (full 3):
 PSYoungGen      total 21504K, used 20593K [0x00000000d5580000, 0x00000000d6f00000, 0x0000000100000000)
  eden space 18432K, 100% used [0x00000000d5580000,0x00000000d6780000,0x00000000d6780000)
  from space 3072K, 70% used [0x00000000d6900000,0x00000000d6b1c410,0x00000000d6c00000)
  to   space 2560K, 0% used [0x00000000d6c80000,0x00000000d6c80000,0x00000000d6f00000)
 ParOldGen       total 68608K, used 45925K [0x0000000080000000, 0x0000000084300000, 0x00000000d5580000)
  object space 68608K, 66% used [0x0000000080000000,0x0000000082cd9500,0x0000000084300000)
 Metaspace       used 60778K, committed 62208K, reserved 1114112K
  class space    used 7095K, committed 7744K, reserved 1048576K
}
Event: 86.268 GC heap after
{Heap after GC invocations=39 (full 3):
 PSYoungGen      total 20992K, used 2466K [0x00000000d5580000, 0x00000000d6f00000, 0x0000000100000000)
  eden space 18432K, 0% used [0x00000000d5580000,0x00000000d5580000,0x00000000d6780000)
  from space 2560K, 96% used [0x00000000d6c80000,0x00000000d6ee8810,0x00000000d6f00000)
  to   space 2560K, 0% used [0x00000000d6a00000,0x00000000d6a00000,0x00000000d6c80000)
 ParOldGen       total 68608K, used 47912K [0x0000000080000000, 0x0000000084300000, 0x00000000d5580000)
  object space 68608K, 69% used [0x0000000080000000,0x0000000082eca1e0,0x0000000084300000)
 Metaspace       used 60778K, committed 62208K, reserved 1114112K
  class space    used 7095K, committed 7744K, reserved 1048576K
}
Event: 86.360 GC heap before
{Heap before GC invocations=40 (full 3):
 PSYoungGen      total 20992K, used 20898K [0x00000000d5580000, 0x00000000d6f00000, 0x0000000100000000)
  eden space 18432K, 100% used [0x00000000d5580000,0x00000000d6780000,0x00000000d6780000)
  from space 2560K, 96% used [0x00000000d6c80000,0x00000000d6ee8810,0x00000000d6f00000)
  to   space 2560K, 0% used [0x00000000d6a00000,0x00000000d6a00000,0x00000000d6c80000)
 ParOldGen       total 68608K, used 47912K [0x0000000080000000, 0x0000000084300000, 0x00000000d5580000)
  object space 68608K, 69% used [0x0000000080000000,0x0000000082eca1e0,0x0000000084300000)
 Metaspace       used 60780K, committed 62208K, reserved 1114112K
  class space    used 7095K, committed 7744K, reserved 1048576K
}
Event: 86.363 GC heap after
{Heap after GC invocations=40 (full 3):
 PSYoungGen      total 20992K, used 2116K [0x00000000d5580000, 0x00000000d6d00000, 0x0000000100000000)
  eden space 18432K, 0% used [0x00000000d5580000,0x00000000d5580000,0x00000000d6780000)
  from space 2560K, 82% used [0x00000000d6a00000,0x00000000d6c11000,0x00000000d6c80000)
  to   space 512K, 0% used [0x00000000d6c80000,0x00000000d6c80000,0x00000000d6d00000)
 ParOldGen       total 68608K, used 50064K [0x0000000080000000, 0x0000000084300000, 0x00000000d5580000)
  object space 68608K, 72% used [0x0000000080000000,0x00000000830e41f0,0x0000000084300000)
 Metaspace       used 60780K, committed 62208K, reserved 1114112K
  class space    used 7095K, committed 7744K, reserved 1048576K
}
Event: 86.448 GC heap before
{Heap before GC invocations=41 (full 3):
 PSYoungGen      total 20992K, used 20548K [0x00000000d5580000, 0x00000000d6d00000, 0x0000000100000000)
  eden space 18432K, 100% used [0x00000000d5580000,0x00000000d6780000,0x00000000d6780000)
  from space 2560K, 82% used [0x00000000d6a00000,0x00000000d6c11000,0x00000000d6c80000)
  to   space 512K, 0% used [0x00000000d6c80000,0x00000000d6c80000,0x00000000d6d00000)
 ParOldGen       total 68608K, used 50064K [0x0000000080000000, 0x0000000084300000, 0x00000000d5580000)
  object space 68608K, 72% used [0x0000000080000000,0x00000000830e41f0,0x0000000084300000)
 Metaspace       used 60793K, committed 62272K, reserved 1114112K
  class space    used 7096K, committed 7744K, reserved 1048576K
}
Event: 86.451 GC heap after
{Heap after GC invocations=41 (full 3):
 PSYoungGen      total 18944K, used 512K [0x00000000d5580000, 0x00000000d7080000, 0x0000000100000000)
  eden space 18432K, 0% used [0x00000000d5580000,0x00000000d5580000,0x00000000d6780000)
  from space 512K, 100% used [0x00000000d6c80000,0x00000000d6d00000,0x00000000d6d00000)
  to   space 4608K, 0% used [0x00000000d6780000,0x00000000d6780000,0x00000000d6c00000)
 ParOldGen       total 68608K, used 53504K [0x0000000080000000, 0x0000000084300000, 0x00000000d5580000)
  object space 68608K, 77% used [0x0000000080000000,0x0000000083440300,0x0000000084300000)
 Metaspace       used 60793K, committed 62272K, reserved 1114112K
  class space    used 7096K, committed 7744K, reserved 1048576K
}
Event: 86.523 GC heap before
{Heap before GC invocations=42 (full 3):
 PSYoungGen      total 18944K, used 18944K [0x00000000d5580000, 0x00000000d7080000, 0x0000000100000000)
  eden space 18432K, 100% used [0x00000000d5580000,0x00000000d6780000,0x00000000d6780000)
  from space 512K, 100% used [0x00000000d6c80000,0x00000000d6d00000,0x00000000d6d00000)
  to   space 4608K, 0% used [0x00000000d6780000,0x00000000d6780000,0x00000000d6c00000)
 ParOldGen       total 68608K, used 53504K [0x0000000080000000, 0x0000000084300000, 0x00000000d5580000)
  object space 68608K, 77% used [0x0000000080000000,0x0000000083440300,0x0000000084300000)
 Metaspace       used 60823K, committed 62272K, reserved 1114112K
  class space    used 7096K, committed 7744K, reserved 1048576K
}
Event: 86.525 GC heap after
{Heap after GC invocations=42 (full 3):
 PSYoungGen      total 20480K, used 2008K [0x00000000d5580000, 0x00000000d6d80000, 0x0000000100000000)
  eden space 18432K, 0% used [0x00000000d5580000,0x00000000d5580000,0x00000000d6780000)
  from space 2048K, 98% used [0x00000000d6780000,0x00000000d6976200,0x00000000d6980000)
  to   space 3072K, 0% used [0x00000000d6a80000,0x00000000d6a80000,0x00000000d6d80000)
 ParOldGen       total 68608K, used 54072K [0x0000000080000000, 0x0000000084300000, 0x00000000d5580000)
  object space 68608K, 78% used [0x0000000080000000,0x00000000834ce300,0x0000000084300000)
 Metaspace       used 60823K, committed 62272K, reserved 1114112K
  class space    used 7096K, committed 7744K, reserved 1048576K
}
Event: 86.933 GC heap before
{Heap before GC invocations=43 (full 3):
 PSYoungGen      total 20480K, used 20440K [0x00000000d5580000, 0x00000000d6d80000, 0x0000000100000000)
  eden space 18432K, 100% used [0x00000000d5580000,0x00000000d6780000,0x00000000d6780000)
  from space 2048K, 98% used [0x00000000d6780000,0x00000000d6976200,0x00000000d6980000)
  to   space 3072K, 0% used [0x00000000d6a80000,0x00000000d6a80000,0x00000000d6d80000)
 ParOldGen       total 68608K, used 54072K [0x0000000080000000, 0x0000000084300000, 0x00000000d5580000)
  object space 68608K, 78% used [0x0000000080000000,0x00000000834ce300,0x0000000084300000)
 Metaspace       used 61188K, committed 62528K, reserved 1114112K
  class space    used 7122K, committed 7744K, reserved 1048576K
}
Event: 86.935 GC heap after
{Heap after GC invocations=43 (full 3):
 PSYoungGen      total 19968K, used 1408K [0x00000000d5580000, 0x00000000d6c00000, 0x0000000100000000)
  eden space 18432K, 0% used [0x00000000d5580000,0x00000000d5580000,0x00000000d6780000)
  from space 1536K, 91% used [0x00000000d6a80000,0x00000000d6be0020,0x00000000d6c00000)
  to   space 2048K, 0% used [0x00000000d6800000,0x00000000d6800000,0x00000000d6a00000)
 ParOldGen       total 68608K, used 55849K [0x0000000080000000, 0x0000000084300000, 0x00000000d5580000)
  object space 68608K, 81% used [0x0000000080000000,0x000000008368a500,0x0000000084300000)
 Metaspace       used 61188K, committed 62528K, reserved 1114112K
  class space    used 7122K, committed 7744K, reserved 1048576K
}
Event: 89.261 GC heap before
{Heap before GC invocations=44 (full 3):
 PSYoungGen      total 19968K, used 19840K [0x00000000d5580000, 0x00000000d6c00000, 0x0000000100000000)
  eden space 18432K, 100% used [0x00000000d5580000,0x00000000d6780000,0x00000000d6780000)
  from space 1536K, 91% used [0x00000000d6a80000,0x00000000d6be0020,0x00000000d6c00000)
  to   space 2048K, 0% used [0x00000000d6800000,0x00000000d6800000,0x00000000d6a00000)
 ParOldGen       total 68608K, used 55849K [0x0000000080000000, 0x0000000084300000, 0x00000000d5580000)
  object space 68608K, 81% used [0x0000000080000000,0x000000008368a500,0x0000000084300000)
 Metaspace       used 61620K, committed 62976K, reserved 1114112K
  class space    used 7148K, committed 7744K, reserved 1048576K
}
Event: 89.262 GC heap after
{Heap after GC invocations=44 (full 3):
 PSYoungGen      total 19456K, used 752K [0x00000000d5580000, 0x00000000d6b00000, 0x0000000100000000)
  eden space 18432K, 0% used [0x00000000d5580000,0x00000000d5580000,0x00000000d6780000)
  from space 1024K, 73% used [0x00000000d6800000,0x00000000d68bc050,0x00000000d6900000)
  to   space 1536K, 0% used [0x00000000d6980000,0x00000000d6980000,0x00000000d6b00000)
 ParOldGen       total 68608K, used 56989K [0x0000000080000000, 0x0000000084300000, 0x00000000d5580000)
  object space 68608K, 83% used [0x0000000080000000,0x00000000837a74c0,0x0000000084300000)
 Metaspace       used 61620K, committed 62976K, reserved 1114112K
  class space    used 7148K, committed 7744K, reserved 1048576K
}

