# JRE version: OpenJDK Runtime Environment Temurin-21.0.10+7 (21.0.10+7) (build 21.0.10+7-LTS)
# Java VM: OpenJDK 64-Bit Server VM Temurin-21.0.10+7 (21.0.10+7-LTS, mixed mode, sharing, tiered, compressed oops, compressed class ptrs, parallel gc, windows-amd64)
GC Precious Log:
 CardTable entry size: 512
 CPUs: 16 total, 16 available
 Memory: 16332M
 Large Page Support: Disabled
 NUMA Support: Disabled
 Compressed Oops: Enabled (32-bit)
 Alignments: Space 512K, Generation 512K, Heap 2M
 Heap Min Capacity: 100M
 Heap Initial Capacity: 100M
 Heap Max Capacity: 2G
 Pre-touch: Disabled
 Parallel Workers: 13
Heap:
 PSYoungGen      total 23040K, used 2928K [0x00000000d5580000, 0x00000000d6d80000, 0x0000000100000000)
  eden space 21504K, 6% used [0x00000000d5580000,0x00000000d56f4118,0x00000000d6a80000)
  from space 1536K, 93% used [0x00000000d6a80000,0x00000000d6be8000,0x00000000d6c00000)
  to   space 1536K, 0% used [0x00000000d6c00000,0x00000000d6c00000,0x00000000d6d80000)
 ParOldGen       total 68608K, used 25043K [0x0000000080000000, 0x0000000084300000, 0x00000000d5580000)
  object space 68608K, 36% used [0x0000000080000000,0x0000000081874e78,0x0000000084300000)
 Metaspace       used 45622K, committed 46784K, reserved 1114112K
  class space    used 4938K, committed 5440K, reserved 1048576K
GC Heap History (20 events):
Event: 3.052 GC heap before
{Heap before GC invocations=11 (full 1):
 PSYoungGen      total 25600K, used 25132K [0x00000000d5580000, 0x00000000d7300000, 0x0000000100000000)
  eden space 22016K, 99% used [0x00000000d5580000,0x00000000d6af7c98,0x00000000d6b00000)
  from space 3584K, 87% used [0x00000000d6b80000,0x00000000d6e935b8,0x00000000d6f00000)
  to   space 4096K, 0% used [0x00000000d6f00000,0x00000000d6f00000,0x00000000d7300000)
 ParOldGen       total 68608K, used 16144K [0x0000000080000000, 0x0000000084300000, 0x00000000d5580000)
  object space 68608K, 23% used [0x0000000080000000,0x0000000080fc4248,0x0000000084300000)
 Metaspace       used 25712K, committed 26560K, reserved 1114112K
  class space    used 2543K, committed 2944K, reserved 1048576K
}
Event: 3.054 GC heap after
{Heap after GC invocations=11 (full 1):
 PSYoungGen      total 25600K, used 3304K [0x00000000d5580000, 0x00000000d7280000, 0x0000000100000000)
  eden space 22016K, 0% used [0x00000000d5580000,0x00000000d5580000,0x00000000d6b00000)
  from space 3584K, 92% used [0x00000000d6f00000,0x00000000d723a2c8,0x00000000d7280000)
  to   space 3584K, 0% used [0x00000000d6b80000,0x00000000d6b80000,0x00000000d6f00000)
 ParOldGen       total 68608K, used 16152K [0x0000000080000000, 0x0000000084300000, 0x00000000d5580000)
  object space 68608K, 23% used [0x0000000080000000,0x0000000080fc6248,0x0000000084300000)
 Metaspace       used 25712K, committed 26560K, reserved 1114112K
  class space    used 2543K, committed 2944K, reserved 1048576K
}
Event: 3.182 GC heap before
{Heap before GC invocations=12 (full 1):
 PSYoungGen      total 25600K, used 25320K [0x00000000d5580000, 0x00000000d7280000, 0x0000000100000000)
  eden space 22016K, 100% used [0x00000000d5580000,0x00000000d6b00000,0x00000000d6b00000)
  from space 3584K, 92% used [0x00000000d6f00000,0x00000000d723a2c8,0x00000000d7280000)
  to   space 3584K, 0% used [0x00000000d6b80000,0x00000000d6b80000,0x00000000d6f00000)
 ParOldGen       total 68608K, used 16152K [0x0000000080000000, 0x0000000084300000, 0x00000000d5580000)
  object space 68608K, 23% used [0x0000000080000000,0x0000000080fc6248,0x0000000084300000)
 Metaspace       used 27159K, committed 28032K, reserved 1114112K
  class space    used 2632K, committed 3008K, reserved 1048576K
}
Event: 3.185 GC heap after
{Heap after GC invocations=12 (full 1):
 PSYoungGen      total 24576K, used 2465K [0x00000000d5580000, 0x00000000d7100000, 0x0000000100000000)
  eden space 22016K, 0% used [0x00000000d5580000,0x00000000d5580000,0x00000000d6b00000)
  from space 2560K, 96% used [0x00000000d6b80000,0x00000000d6de8708,0x00000000d6e00000)
  to   space 3072K, 0% used [0x00000000d6e00000,0x00000000d6e00000,0x00000000d7100000)
 ParOldGen       total 68608K, used 17019K [0x0000000080000000, 0x0000000084300000, 0x00000000d5580000)
  object space 68608K, 24% used [0x0000000080000000,0x000000008109ed40,0x0000000084300000)
 Metaspace       used 27159K, committed 28032K, reserved 1114112K
  class space    used 2632K, committed 3008K, reserved 1048576K
}
Event: 3.497 GC heap before
{Heap before GC invocations=13 (full 1):
 PSYoungGen      total 24576K, used 24478K [0x00000000d5580000, 0x00000000d7100000, 0x0000000100000000)
  eden space 22016K, 99% used [0x00000000d5580000,0x00000000d6aff4c0,0x00000000d6b00000)
  from space 2560K, 96% used [0x00000000d6b80000,0x00000000d6de8708,0x00000000d6e00000)
  to   space 3072K, 0% used [0x00000000d6e00000,0x00000000d6e00000,0x00000000d7100000)
 ParOldGen       total 68608K, used 17019K [0x0000000080000000, 0x0000000084300000, 0x00000000d5580000)
  object space 68608K, 24% used [0x0000000080000000,0x000000008109ed40,0x0000000084300000)
 Metaspace       used 30400K, committed 31296K, reserved 1114112K
  class space    used 2964K, committed 3392K, reserved 1048576K
}
Event: 3.500 GC heap after
{Heap after GC invocations=13 (full 1):
 PSYoungGen      total 24064K, used 1726K [0x00000000d5580000, 0x00000000d7000000, 0x0000000100000000)
  eden space 22016K, 0% used [0x00000000d5580000,0x00000000d5580000,0x00000000d6b00000)
  from space 2048K, 84% used [0x00000000d6e00000,0x00000000d6fafa78,0x00000000d7000000)
  to   space 2560K, 0% used [0x00000000d6b00000,0x00000000d6b00000,0x00000000d6d80000)
 ParOldGen       total 68608K, used 18891K [0x0000000080000000, 0x0000000084300000, 0x00000000d5580000)
  object space 68608K, 27% used [0x0000000080000000,0x0000000081272f80,0x0000000084300000)
 Metaspace       used 30400K, committed 31296K, reserved 1114112K
  class space    used 2964K, committed 3392K, reserved 1048576K
}
Event: 3.613 GC heap before
{Heap before GC invocations=14 (full 1):
 PSYoungGen      total 24064K, used 23742K [0x00000000d5580000, 0x00000000d7000000, 0x0000000100000000)
  eden space 22016K, 100% used [0x00000000d5580000,0x00000000d6b00000,0x00000000d6b00000)
  from space 2048K, 84% used [0x00000000d6e00000,0x00000000d6fafa78,0x00000000d7000000)
  to   space 2560K, 0% used [0x00000000d6b00000,0x00000000d6b00000,0x00000000d6d80000)
 ParOldGen       total 68608K, used 18891K [0x0000000080000000, 0x0000000084300000, 0x00000000d5580000)
  object space 68608K, 27% used [0x0000000080000000,0x0000000081272f80,0x0000000084300000)
 Metaspace       used 33123K, committed 34112K, reserved 1114112K
  class space    used 3283K, committed 3712K, reserved 1048576K
}
Event: 3.616 GC heap after
{Heap after GC invocations=14 (full 1):
 PSYoungGen      total 23552K, used 1457K [0x00000000d5580000, 0x00000000d6f00000, 0x0000000100000000)
  eden space 22016K, 0% used [0x00000000d5580000,0x00000000d5580000,0x00000000d6b00000)
  from space 1536K, 94% used [0x00000000d6b00000,0x00000000d6c6c648,0x00000000d6c80000)
  to   space 2048K, 0% used [0x00000000d6d00000,0x00000000d6d00000,0x00000000d6f00000)
 ParOldGen       total 68608K, used 20463K [0x0000000080000000, 0x0000000084300000, 0x00000000d5580000)
  object space 68608K, 29% used [0x0000000080000000,0x00000000813fbfd8,0x0000000084300000)
 Metaspace       used 33123K, committed 34112K, reserved 1114112K
  class space    used 3283K, committed 3712K, reserved 1048576K
}
Event: 3.756 GC heap before
{Heap before GC invocations=15 (full 1):
 PSYoungGen      total 23552K, used 20509K [0x00000000d5580000, 0x00000000d6f00000, 0x0000000100000000)
  eden space 22016K, 86% used [0x00000000d5580000,0x00000000d681b030,0x00000000d6b00000)
  from space 1536K, 94% used [0x00000000d6b00000,0x00000000d6c6c648,0x00000000d6c80000)
  to   space 2048K, 0% used [0x00000000d6d00000,0x00000000d6d00000,0x00000000d6f00000)
 ParOldGen       total 68608K, used 20463K [0x0000000080000000, 0x0000000084300000, 0x00000000d5580000)
  object space 68608K, 29% used [0x0000000080000000,0x00000000813fbfd8,0x0000000084300000)
 Metaspace       used 34839K, committed 35840K, reserved 1114112K
  class space    used 3492K, committed 3968K, reserved 1048576K
}
Event: 3.758 GC heap after
{Heap after GC invocations=15 (full 1):
 PSYoungGen      total 24064K, used 1664K [0x00000000d5580000, 0x00000000d6f00000, 0x0000000100000000)
  eden space 22016K, 0% used [0x00000000d5580000,0x00000000d5580000,0x00000000d6b00000)
  from space 2048K, 81% used [0x00000000d6d00000,0x00000000d6ea0000,0x00000000d6f00000)
  to   space 2048K, 0% used [0x00000000d6b00000,0x00000000d6b00000,0x00000000d6d00000)
 ParOldGen       total 68608K, used 21723K [0x0000000080000000, 0x0000000084300000, 0x00000000d5580000)
  object space 68608K, 31% used [0x0000000080000000,0x0000000081536f18,0x0000000084300000)
 Metaspace       used 34839K, committed 35840K, reserved 1114112K
  class space    used 3492K, committed 3968K, reserved 1048576K
}
Event: 3.758 GC heap before
{Heap before GC invocations=16 (full 2):
 PSYoungGen      total 24064K, used 1664K [0x00000000d5580000, 0x00000000d6f00000, 0x0000000100000000)
  eden space 22016K, 0% used [0x00000000d5580000,0x00000000d5580000,0x00000000d6b00000)
  from space 2048K, 81% used [0x00000000d6d00000,0x00000000d6ea0000,0x00000000d6f00000)
  to   space 2048K, 0% used [0x00000000d6b00000,0x00000000d6b00000,0x00000000d6d00000)
 ParOldGen       total 68608K, used 21723K [0x0000000080000000, 0x0000000084300000, 0x00000000d5580000)
  object space 68608K, 31% used [0x0000000080000000,0x0000000081536f18,0x0000000084300000)
 Metaspace       used 34839K, committed 35840K, reserved 1114112K
  class space    used 3492K, committed 3968K, reserved 1048576K
}
Event: 3.790 GC heap after
{Heap after GC invocations=16 (full 2):
 PSYoungGen      total 24064K, used 0K [0x00000000d5580000, 0x00000000d6f00000, 0x0000000100000000)
  eden space 22016K, 0% used [0x00000000d5580000,0x00000000d5580000,0x00000000d6b00000)
  from space 2048K, 0% used [0x00000000d6d00000,0x00000000d6d00000,0x00000000d6f00000)
  to   space 2048K, 0% used [0x00000000d6b00000,0x00000000d6b00000,0x00000000d6d00000)
 ParOldGen       total 68608K, used 22364K [0x0000000080000000, 0x0000000084300000, 0x00000000d5580000)
  object space 68608K, 32% used [0x0000000080000000,0x00000000815d7168,0x0000000084300000)
 Metaspace       used 34839K, committed 35840K, reserved 1114112K
  class space    used 3492K, committed 3968K, reserved 1048576K
}
Event: 3.960 GC heap before
{Heap before GC invocations=17 (full 2):
 PSYoungGen      total 24064K, used 22016K [0x00000000d5580000, 0x00000000d6f00000, 0x0000000100000000)
  eden space 22016K, 100% used [0x00000000d5580000,0x00000000d6b00000,0x00000000d6b00000)
  from space 2048K, 0% used [0x00000000d6d00000,0x00000000d6d00000,0x00000000d6f00000)
  to   space 2048K, 0% used [0x00000000d6b00000,0x00000000d6b00000,0x00000000d6d00000)
 ParOldGen       total 68608K, used 22364K [0x0000000080000000, 0x0000000084300000, 0x00000000d5580000)
  object space 68608K, 32% used [0x0000000080000000,0x00000000815d7168,0x0000000084300000)
 Metaspace       used 37605K, committed 38720K, reserved 1114112K
  class space    used 3877K, committed 4416K, reserved 1048576K
}
Event: 3.962 GC heap after
{Heap after GC invocations=17 (full 2):
 PSYoungGen      total 23040K, used 832K [0x00000000d5580000, 0x00000000d6e00000, 0x0000000100000000)
  eden space 22016K, 0% used [0x00000000d5580000,0x00000000d5580000,0x00000000d6b00000)
  from space 1024K, 81% used [0x00000000d6b00000,0x00000000d6bd0000,0x00000000d6c00000)
  to   space 1536K, 0% used [0x00000000d6c80000,0x00000000d6c80000,0x00000000d6e00000)
 ParOldGen       total 68608K, used 22372K [0x0000000080000000, 0x0000000084300000, 0x00000000d5580000)
  object space 68608K, 32% used [0x0000000080000000,0x00000000815d9168,0x0000000084300000)
 Metaspace       used 37605K, committed 38720K, reserved 1114112K
  class space    used 3877K, committed 4416K, reserved 1048576K
}
Event: 4.122 GC heap before
{Heap before GC invocations=18 (full 2):
 PSYoungGen      total 23040K, used 22848K [0x00000000d5580000, 0x00000000d6e00000, 0x0000000100000000)
  eden space 22016K, 100% used [0x00000000d5580000,0x00000000d6b00000,0x00000000d6b00000)
  from space 1024K, 81% used [0x00000000d6b00000,0x00000000d6bd0000,0x00000000d6c00000)
  to   space 1536K, 0% used [0x00000000d6c80000,0x00000000d6c80000,0x00000000d6e00000)
 ParOldGen       total 68608K, used 22372K [0x0000000080000000, 0x0000000084300000, 0x00000000d5580000)
  object space 68608K, 32% used [0x0000000080000000,0x00000000815d9168,0x0000000084300000)
 Metaspace       used 39084K, committed 40192K, reserved 1114112K
  class space    used 4081K, committed 4544K, reserved 1048576K
}
Event: 4.124 GC heap after
{Heap after GC invocations=18 (full 2):
 PSYoungGen      total 23040K, used 925K [0x00000000d5580000, 0x00000000d6d80000, 0x0000000100000000)
  eden space 22016K, 0% used [0x00000000d5580000,0x00000000d5580000,0x00000000d6b00000)
  from space 1024K, 90% used [0x00000000d6c80000,0x00000000d6d67600,0x00000000d6d80000)
  to   space 1024K, 0% used [0x00000000d6b00000,0x00000000d6b00000,0x00000000d6c00000)
 ParOldGen       total 68608K, used 22996K [0x0000000080000000, 0x0000000084300000, 0x00000000d5580000)
  object space 68608K, 33% used [0x0000000080000000,0x0000000081675168,0x0000000084300000)
 Metaspace       used 39084K, committed 40192K, reserved 1114112K
  class space    used 4081K, committed 4544K, reserved 1048576K
}
Event: 4.316 GC heap before
{Heap before GC invocations=19 (full 2):
 PSYoungGen      total 23040K, used 22941K [0x00000000d5580000, 0x00000000d6d80000, 0x0000000100000000)
  eden space 22016K, 100% used [0x00000000d5580000,0x00000000d6b00000,0x00000000d6b00000)
  from space 1024K, 90% used [0x00000000d6c80000,0x00000000d6d67600,0x00000000d6d80000)
  to   space 1024K, 0% used [0x00000000d6b00000,0x00000000d6b00000,0x00000000d6c00000)
 ParOldGen       total 68608K, used 22996K [0x0000000080000000, 0x0000000084300000, 0x00000000d5580000)
  object space 68608K, 33% used [0x0000000080000000,0x0000000081675168,0x0000000084300000)
 Metaspace       used 40547K, committed 41728K, reserved 1114112K
  class space    used 4264K, committed 4800K, reserved 1048576K
}
Event: 4.318 GC heap after
{Heap after GC invocations=19 (full 2):
 PSYoungGen      total 23040K, used 896K [0x00000000d5580000, 0x00000000d6d00000, 0x0000000100000000)
  eden space 22016K, 0% used [0x00000000d5580000,0x00000000d5580000,0x00000000d6b00000)
  from space 1024K, 87% used [0x00000000d6b00000,0x00000000d6be0000,0x00000000d6c00000)
  to   space 1024K, 0% used [0x00000000d6c00000,0x00000000d6c00000,0x00000000d6d00000)
 ParOldGen       total 68608K, used 23556K [0x0000000080000000, 0x0000000084300000, 0x00000000d5580000)
  object space 68608K, 34% used [0x0000000080000000,0x0000000081701178,0x0000000084300000)
 Metaspace       used 40547K, committed 41728K, reserved 1114112K
  class space    used 4264K, committed 4800K, reserved 1048576K
}
Event: 4.584 GC heap before
{Heap before GC invocations=20 (full 2):
 PSYoungGen      total 23040K, used 22912K [0x00000000d5580000, 0x00000000d6d00000, 0x0000000100000000)
  eden space 22016K, 100% used [0x00000000d5580000,0x00000000d6b00000,0x00000000d6b00000)
  from space 1024K, 87% used [0x00000000d6b00000,0x00000000d6be0000,0x00000000d6c00000)
  to   space 1024K, 0% used [0x00000000d6c00000,0x00000000d6c00000,0x00000000d6d00000)
 ParOldGen       total 68608K, used 23556K [0x0000000080000000, 0x0000000084300000, 0x00000000d5580000)
  object space 68608K, 34% used [0x0000000080000000,0x0000000081701178,0x0000000084300000)
 Metaspace       used 42952K, committed 44096K, reserved 1114112K
  class space    used 4579K, committed 5120K, reserved 1048576K
}
Event: 4.586 GC heap after
{Heap after GC invocations=20 (full 2):
 PSYoungGen      total 22528K, used 1024K [0x00000000d5580000, 0x00000000d6e00000, 0x0000000100000000)
  eden space 21504K, 0% used [0x00000000d5580000,0x00000000d5580000,0x00000000d6a80000)
  from space 1024K, 100% used [0x00000000d6c00000,0x00000000d6d00000,0x00000000d6d00000)
  to   space 1536K, 0% used [0x00000000d6a80000,0x00000000d6a80000,0x00000000d6c00000)
 ParOldGen       total 68608K, used 24220K [0x0000000080000000, 0x0000000084300000, 0x00000000d5580000)
  object space 68608K, 35% used [0x0000000080000000,0x00000000817a7178,0x0000000084300000)
 Metaspace       used 42952K, committed 44096K, reserved 1114112K
  class space    used 4579K, committed 5120K, reserved 1048576K
}

