# JRE version: OpenJDK Runtime Environment Temurin-21.0.10+7 (21.0.10+7) (build 21.0.10+7-LTS)
# Java VM: OpenJDK 64-Bit Server VM Temurin-21.0.10+7 (21.0.10+7-LTS, mixed mode, sharing, tiered, compressed oops, compressed class ptrs, parallel gc, windows-amd64)
GC Precious Log:
 CardTable entry size: 512
 CPUs: 16 total, 16 available
 Memory: 16332M
 Large Page Support: Disabled
 NUMA Support: Disabled
 Compressed Oops: Enabled (32-bit)
 Alignments: Space 512K, Generation 512K, Heap 2M
 Heap Min Capacity: 100M
 Heap Initial Capacity: 100M
 Heap Max Capacity: 2G
 Pre-touch: Disabled
 Parallel Workers: 13
Heap:
 PSYoungGen      total 19456K, used 7585K [0x00000000d5580000, 0x00000000d6b80000, 0x0000000100000000)
  eden space 18432K, 37% used [0x00000000d5580000,0x00000000d5c2c720,0x00000000d6780000)
  from space 1024K, 73% used [0x00000000d6880000,0x00000000d693c050,0x00000000d6980000)
  to   space 1536K, 0% used [0x00000000d6a00000,0x00000000d6a00000,0x00000000d6b80000)
 ParOldGen       total 68608K, used 66262K [0x0000000080000000, 0x0000000084300000, 0x00000000d5580000)
  object space 68608K, 96% used [0x0000000080000000,0x00000000840b5bd0,0x0000000084300000)
 Metaspace       used 63576K, committed 64960K, reserved 1114112K
  class space    used 7415K, committed 8000K, reserved 1048576K
GC Heap History (20 events):
Event: 52.179 GC heap before
{Heap before GC invocations=43 (full 3):
 PSYoungGen      total 22528K, used 22304K [0x00000000d5580000, 0x00000000d6e80000, 0x0000000100000000)
  eden space 22016K, 100% used [0x00000000d5580000,0x00000000d6b00000,0x00000000d6b00000)
  from space 512K, 56% used [0x00000000d6d80000,0x00000000d6dc8000,0x00000000d6e00000)
  to   space 512K, 0% used [0x00000000d6e00000,0x00000000d6e00000,0x00000000d6e80000)
 ParOldGen       total 68608K, used 48090K [0x0000000080000000, 0x0000000084300000, 0x00000000d5580000)
  object space 68608K, 70% used [0x0000000080000000,0x0000000082ef6980,0x0000000084300000)
 Metaspace       used 60504K, committed 61760K, reserved 1114112K
  class space    used 7081K, committed 7616K, reserved 1048576K
}
Event: 52.181 GC heap after
{Heap after GC invocations=43 (full 3):
 PSYoungGen      total 22528K, used 512K [0x00000000d5580000, 0x00000000d6e80000, 0x0000000100000000)
  eden space 22016K, 0% used [0x00000000d5580000,0x00000000d5580000,0x00000000d6b00000)
  from space 512K, 100% used [0x00000000d6e00000,0x00000000d6e80000,0x00000000d6e80000)
  to   space 1024K, 0% used [0x00000000d6c80000,0x00000000d6c80000,0x00000000d6d80000)
 ParOldGen       total 68608K, used 48131K [0x0000000080000000, 0x0000000084300000, 0x00000000d5580000)
  object space 68608K, 70% used [0x0000000080000000,0x0000000082f00c68,0x0000000084300000)
 Metaspace       used 60504K, committed 61760K, reserved 1114112K
  class space    used 7081K, committed 7616K, reserved 1048576K
}
Event: 52.438 GC heap before
{Heap before GC invocations=44 (full 3):
 PSYoungGen      total 22528K, used 22528K [0x00000000d5580000, 0x00000000d6e80000, 0x0000000100000000)
  eden space 22016K, 100% used [0x00000000d5580000,0x00000000d6b00000,0x00000000d6b00000)
  from space 512K, 100% used [0x00000000d6e00000,0x00000000d6e80000,0x00000000d6e80000)
  to   space 1024K, 0% used [0x00000000d6c80000,0x00000000d6c80000,0x00000000d6d80000)
 ParOldGen       total 68608K, used 48131K [0x0000000080000000, 0x0000000084300000, 0x00000000d5580000)
  object space 68608K, 70% used [0x0000000080000000,0x0000000082f00c68,0x0000000084300000)
 Metaspace       used 61818K, committed 63360K, reserved 1114112K
  class space    used 7235K, committed 7872K, reserved 1048576K
}
Event: 52.444 GC heap after
{Heap after GC invocations=44 (full 3):
 PSYoungGen      total 23040K, used 992K [0x00000000d5580000, 0x00000000d7000000, 0x0000000100000000)
  eden space 22016K, 0% used [0x00000000d5580000,0x00000000d5580000,0x00000000d6b00000)
  from space 1024K, 96% used [0x00000000d6c80000,0x00000000d6d78030,0x00000000d6d80000)
  to   space 2560K, 0% used [0x00000000d6d80000,0x00000000d6d80000,0x00000000d7000000)
 ParOldGen       total 68608K, used 49315K [0x0000000080000000, 0x0000000084300000, 0x00000000d5580000)
  object space 68608K, 71% used [0x0000000080000000,0x0000000083028c80,0x0000000084300000)
 Metaspace       used 61818K, committed 63360K, reserved 1114112K
  class space    used 7235K, committed 7872K, reserved 1048576K
}
Event: 52.603 GC heap before
{Heap before GC invocations=45 (full 3):
 PSYoungGen      total 23040K, used 23008K [0x00000000d5580000, 0x00000000d7000000, 0x0000000100000000)
  eden space 22016K, 100% used [0x00000000d5580000,0x00000000d6b00000,0x00000000d6b00000)
  from space 1024K, 96% used [0x00000000d6c80000,0x00000000d6d78030,0x00000000d6d80000)
  to   space 2560K, 0% used [0x00000000d6d80000,0x00000000d6d80000,0x00000000d7000000)
 ParOldGen       total 68608K, used 49349K [0x0000000080000000, 0x0000000084300000, 0x00000000d5580000)
  object space 68608K, 71% used [0x0000000080000000,0x0000000083031618,0x0000000084300000)
 Metaspace       used 62195K, committed 63680K, reserved 1114112K
  class space    used 7318K, committed 7936K, reserved 1048576K
}
Event: 52.608 GC heap after
{Heap after GC invocations=45 (full 3):
 PSYoungGen      total 23040K, used 2557K [0x00000000d5580000, 0x00000000d7300000, 0x0000000100000000)
  eden space 20480K, 0% used [0x00000000d5580000,0x00000000d5580000,0x00000000d6980000)
  from space 2560K, 99% used [0x00000000d6d80000,0x00000000d6fff400,0x00000000d7000000)
  to   space 4096K, 0% used [0x00000000d6980000,0x00000000d6980000,0x00000000d6d80000)
 ParOldGen       total 68608K, used 50419K [0x0000000080000000, 0x0000000084300000, 0x00000000d5580000)
  object space 68608K, 73% used [0x0000000080000000,0x000000008313cc90,0x0000000084300000)
 Metaspace       used 62195K, committed 63680K, reserved 1114112K
  class space    used 7318K, committed 7936K, reserved 1048576K
}
Event: 52.696 GC heap before
{Heap before GC invocations=46 (full 3):
 PSYoungGen      total 23040K, used 23036K [0x00000000d5580000, 0x00000000d7300000, 0x0000000100000000)
  eden space 20480K, 99% used [0x00000000d5580000,0x00000000d697fff8,0x00000000d6980000)
  from space 2560K, 99% used [0x00000000d6d80000,0x00000000d6fff400,0x00000000d7000000)
  to   space 4096K, 0% used [0x00000000d6980000,0x00000000d6980000,0x00000000d6d80000)
 ParOldGen       total 68608K, used 50421K [0x0000000080000000, 0x0000000084300000, 0x00000000d5580000)
  object space 68608K, 73% used [0x0000000080000000,0x000000008313d4c8,0x0000000084300000)
 Metaspace       used 62350K, committed 63808K, reserved 1114112K
  class space    used 7338K, committed 7936K, reserved 1048576K
}
Event: 52.701 GC heap after
{Heap after GC invocations=46 (full 3):
 PSYoungGen      total 24064K, used 3168K [0x00000000d5580000, 0x00000000d7080000, 0x0000000100000000)
  eden space 20480K, 0% used [0x00000000d5580000,0x00000000d5580000,0x00000000d6980000)
  from space 3584K, 88% used [0x00000000d6980000,0x00000000d6c981b0,0x00000000d6d00000)
  to   space 3584K, 0% used [0x00000000d6d00000,0x00000000d6d00000,0x00000000d7080000)
 ParOldGen       total 68608K, used 52707K [0x0000000080000000, 0x0000000084300000, 0x00000000d5580000)
  object space 68608K, 76% used [0x0000000080000000,0x0000000083378c38,0x0000000084300000)
 Metaspace       used 62350K, committed 63808K, reserved 1114112K
  class space    used 7338K, committed 7936K, reserved 1048576K
}
Event: 52.776 GC heap before
{Heap before GC invocations=47 (full 3):
 PSYoungGen      total 24064K, used 23648K [0x00000000d5580000, 0x00000000d7080000, 0x0000000100000000)
  eden space 20480K, 100% used [0x00000000d5580000,0x00000000d6980000,0x00000000d6980000)
  from space 3584K, 88% used [0x00000000d6980000,0x00000000d6c981b0,0x00000000d6d00000)
  to   space 3584K, 0% used [0x00000000d6d00000,0x00000000d6d00000,0x00000000d7080000)
 ParOldGen       total 68608K, used 52707K [0x0000000080000000, 0x0000000084300000, 0x00000000d5580000)
  object space 68608K, 76% used [0x0000000080000000,0x0000000083378c38,0x0000000084300000)
 Metaspace       used 62391K, committed 63808K, reserved 1114112K
  class space    used 7338K, committed 7936K, reserved 1048576K
}
Event: 52.780 GC heap after
{Heap after GC invocations=47 (full 3):
 PSYoungGen      total 23552K, used 2818K [0x00000000d5580000, 0x00000000d7000000, 0x0000000100000000)
  eden space 20480K, 0% used [0x00000000d5580000,0x00000000d5580000,0x00000000d6980000)
  from space 3072K, 91% used [0x00000000d6d00000,0x00000000d6fc0800,0x00000000d7000000)
  to   space 3072K, 0% used [0x00000000d6a00000,0x00000000d6a00000,0x00000000d6d00000)
 ParOldGen       total 68608K, used 55651K [0x0000000080000000, 0x0000000084300000, 0x00000000d5580000)
  object space 68608K, 81% used [0x0000000080000000,0x0000000083658de8,0x0000000084300000)
 Metaspace       used 62391K, committed 63808K, reserved 1114112K
  class space    used 7338K, committed 7936K, reserved 1048576K
}
Event: 52.853 GC heap before
{Heap before GC invocations=48 (full 3):
 PSYoungGen      total 23552K, used 23298K [0x00000000d5580000, 0x00000000d7000000, 0x0000000100000000)
  eden space 20480K, 100% used [0x00000000d5580000,0x00000000d6980000,0x00000000d6980000)
  from space 3072K, 91% used [0x00000000d6d00000,0x00000000d6fc0800,0x00000000d7000000)
  to   space 3072K, 0% used [0x00000000d6a00000,0x00000000d6a00000,0x00000000d6d00000)
 ParOldGen       total 68608K, used 55651K [0x0000000080000000, 0x0000000084300000, 0x00000000d5580000)
  object space 68608K, 81% used [0x0000000080000000,0x0000000083658de8,0x0000000084300000)
 Metaspace       used 62454K, committed 63936K, reserved 1114112K
  class space    used 7338K, committed 7936K, reserved 1048576K
}
Event: 52.857 GC heap after
{Heap after GC invocations=48 (full 3):
 PSYoungGen      total 23552K, used 2788K [0x00000000d5580000, 0x00000000d6f80000, 0x0000000100000000)
  eden space 20480K, 0% used [0x00000000d5580000,0x00000000d5580000,0x00000000d6980000)
  from space 3072K, 90% used [0x00000000d6a00000,0x00000000d6cb9000,0x00000000d6d00000)
  to   space 2560K, 0% used [0x00000000d6d00000,0x00000000d6d00000,0x00000000d6f80000)
 ParOldGen       total 68608K, used 58142K [0x0000000080000000, 0x0000000084300000, 0x00000000d5580000)
  object space 68608K, 84% used [0x0000000080000000,0x00000000838c7af8,0x0000000084300000)
 Metaspace       used 62454K, committed 63936K, reserved 1114112K
  class space    used 7338K, committed 7936K, reserved 1048576K
}
Event: 52.957 GC heap before
{Heap before GC invocations=49 (full 3):
 PSYoungGen      total 23552K, used 23268K [0x00000000d5580000, 0x00000000d6f80000, 0x0000000100000000)
  eden space 20480K, 100% used [0x00000000d5580000,0x00000000d6980000,0x00000000d6980000)
  from space 3072K, 90% used [0x00000000d6a00000,0x00000000d6cb9000,0x00000000d6d00000)
  to   space 2560K, 0% used [0x00000000d6d00000,0x00000000d6d00000,0x00000000d6f80000)
 ParOldGen       total 68608K, used 58142K [0x0000000080000000, 0x0000000084300000, 0x00000000d5580000)
  object space 68608K, 84% used [0x0000000080000000,0x00000000838c7af8,0x0000000084300000)
 Metaspace       used 62559K, committed 64064K, reserved 1114112K
  class space    used 7338K, committed 7936K, reserved 1048576K
}
Event: 52.961 GC heap after
{Heap after GC invocations=49 (full 3):
 PSYoungGen      total 20992K, used 2528K [0x00000000d5580000, 0x00000000d7480000, 0x0000000100000000)
  eden space 18432K, 0% used [0x00000000d5580000,0x00000000d5580000,0x00000000d6780000)
  from space 2560K, 98% used [0x00000000d6d00000,0x00000000d6f78010,0x00000000d6f80000)
  to   space 5632K, 0% used [0x00000000d6780000,0x00000000d6780000,0x00000000d6d00000)
 ParOldGen       total 68608K, used 60729K [0x0000000080000000, 0x0000000084300000, 0x00000000d5580000)
  object space 68608K, 88% used [0x0000000080000000,0x0000000083b4e648,0x0000000084300000)
 Metaspace       used 62559K, committed 64064K, reserved 1114112K
  class space    used 7338K, committed 7936K, reserved 1048576K
}
Event: 53.083 GC heap before
{Heap before GC invocations=50 (full 3):
 PSYoungGen      total 20992K, used 20960K [0x00000000d5580000, 0x00000000d7480000, 0x0000000100000000)
  eden space 18432K, 100% used [0x00000000d5580000,0x00000000d6780000,0x00000000d6780000)
  from space 2560K, 98% used [0x00000000d6d00000,0x00000000d6f78010,0x00000000d6f80000)
  to   space 5632K, 0% used [0x00000000d6780000,0x00000000d6780000,0x00000000d6d00000)
 ParOldGen       total 68608K, used 60729K [0x0000000080000000, 0x0000000084300000, 0x00000000d5580000)
  object space 68608K, 88% used [0x0000000080000000,0x0000000083b4e648,0x0000000084300000)
 Metaspace       used 62574K, committed 64064K, reserved 1114112K
  class space    used 7338K, committed 7936K, reserved 1048576K
}
Event: 53.088 GC heap after
{Heap after GC invocations=50 (full 3):
 PSYoungGen      total 20992K, used 2200K [0x00000000d5580000, 0x00000000d6e80000, 0x0000000100000000)
  eden space 18432K, 0% used [0x00000000d5580000,0x00000000d5580000,0x00000000d6780000)
  from space 2560K, 85% used [0x00000000d6780000,0x00000000d69a6200,0x00000000d6a00000)
  to   space 3584K, 0% used [0x00000000d6b00000,0x00000000d6b00000,0x00000000d6e80000)
 ParOldGen       total 68608K, used 63273K [0x0000000080000000, 0x0000000084300000, 0x00000000d5580000)
  object space 68608K, 92% used [0x0000000080000000,0x0000000083dca658,0x0000000084300000)
 Metaspace       used 62574K, committed 64064K, reserved 1114112K
  class space    used 7338K, committed 7936K, reserved 1048576K
}
Event: 53.251 GC heap before
{Heap before GC invocations=51 (full 3):
 PSYoungGen      total 20992K, used 20632K [0x00000000d5580000, 0x00000000d6e80000, 0x0000000100000000)
  eden space 18432K, 100% used [0x00000000d5580000,0x00000000d6780000,0x00000000d6780000)
  from space 2560K, 85% used [0x00000000d6780000,0x00000000d69a6200,0x00000000d6a00000)
  to   space 3584K, 0% used [0x00000000d6b00000,0x00000000d6b00000,0x00000000d6e80000)
 ParOldGen       total 68608K, used 63273K [0x0000000080000000, 0x0000000084300000, 0x00000000d5580000)
  object space 68608K, 92% used [0x0000000080000000,0x0000000083dca658,0x0000000084300000)
 Metaspace       used 62785K, committed 64192K, reserved 1114112K
  class space    used 7359K, committed 7936K, reserved 1048576K
}
Event: 53.256 GC heap after
{Heap after GC invocations=51 (full 3):
 PSYoungGen      total 19968K, used 1440K [0x00000000d5580000, 0x00000000d6c80000, 0x0000000100000000)
  eden space 18432K, 0% used [0x00000000d5580000,0x00000000d5580000,0x00000000d6780000)
  from space 1536K, 93% used [0x00000000d6b00000,0x00000000d6c68000,0x00000000d6c80000)
  to   space 2048K, 0% used [0x00000000d6880000,0x00000000d6880000,0x00000000d6a80000)
 ParOldGen       total 68608K, used 65178K [0x0000000080000000, 0x0000000084300000, 0x00000000d5580000)
  object space 68608K, 95% used [0x0000000080000000,0x0000000083fa6858,0x0000000084300000)
 Metaspace       used 62785K, committed 64192K, reserved 1114112K
  class space    used 7359K, committed 7936K, reserved 1048576K
}
Event: 53.648 GC heap before
{Heap before GC invocations=52 (full 3):
 PSYoungGen      total 19968K, used 19872K [0x00000000d5580000, 0x00000000d6c80000, 0x0000000100000000)
  eden space 18432K, 100% used [0x00000000d5580000,0x00000000d6780000,0x00000000d6780000)
  from space 1536K, 93% used [0x00000000d6b00000,0x00000000d6c68000,0x00000000d6c80000)
  to   space 2048K, 0% used [0x00000000d6880000,0x00000000d6880000,0x00000000d6a80000)
 ParOldGen       total 68608K, used 65178K [0x0000000080000000, 0x0000000084300000, 0x00000000d5580000)
  object space 68608K, 95% used [0x0000000080000000,0x0000000083fa6858,0x0000000084300000)
 Metaspace       used 63063K, committed 64512K, reserved 1114112K
  class space    used 7373K, committed 8000K, reserved 1048576K
}
Event: 53.650 GC heap after
{Heap after GC invocations=52 (full 3):
 PSYoungGen      total 19456K, used 752K [0x00000000d5580000, 0x00000000d6b80000, 0x0000000100000000)
  eden space 18432K, 0% used [0x00000000d5580000,0x00000000d5580000,0x00000000d6780000)
  from space 1024K, 73% used [0x00000000d6880000,0x00000000d693c050,0x00000000d6980000)
  to   space 1536K, 0% used [0x00000000d6a00000,0x00000000d6a00000,0x00000000d6b80000)
 ParOldGen       total 68608K, used 66262K [0x0000000080000000, 0x0000000084300000, 0x00000000d5580000)
  object space 68608K, 96% used [0x0000000080000000,0x00000000840b5bd0,0x0000000084300000)
 Metaspace       used 63063K, committed 64512K, reserved 1114112K
  class space    used 7373K, committed 8000K, reserved 1048576K
}

