FAILURE: Build failed with an exception.
BUILD FAILED in 2s
